<?xml version="1.0" encoding="UTF-8"?>
<!-- Generated by org.testng.reporters.JUnitXMLReporter -->
<testsuite hostname="YASH" name="Default test" tests="6" failures="0" timestamp="29 Oct 2017 21:17:13 GMT" time="0.047" errors="0">
  <testcase name="createUser" time="0.016" classname="anotations.TestNGGroupForRegionalRegression"/>
  <testcase name="editUser" time="0.0" classname="anotations.TestNGGroupForRegionalRegression"/>
  <testcase name="deleteUser" time="0.0" classname="anotations.TestNGGroupForRegionalRegression"/>
  <testcase name="createTask" time="0.0" classname="anotations.TestNGGroupForRegionalRegression"/>
  <testcase name="editTask" time="0.0" classname="anotations.TestNGGroupForRegionalRegression"/>
  <testcase name="deleteTask" time="0.0" classname="anotations.TestNGGroupForRegionalRegression"/>
</testsuite> <!-- Default test -->
