<?xml version="1.0" encoding="UTF-8"?>
<!-- Generated by org.testng.reporters.JUnitXMLReporter -->
<testsuite hostname="YASH" name="Testtest" tests="3" failures="0" timestamp="27 Oct 2017 08:55:12 GMT" time="0.037" errors="0">
  <testcase name="testA" time="0.004" classname="annoationMultipleTestMethod.DemoA"/>
  <testcase name="testB" time="0.001" classname="annoationMultipleTestMethod.DemoB"/>
  <testcase name="testC" time="0.002" classname="annoationMultipleTestMethod.DemoB"/>
</testsuite> <!-- Testtest -->
